c:\users\asus\documents\visual studio 2013\projects\rsa_de\rsa_de\x64\release\qrc_rsa_de.obj
c:\users\asus\documents\visual studio 2013\projects\rsa_de\rsa_de\x64\release\rsa_de.obj
c:\users\asus\documents\visual studio 2013\projects\rsa_de\rsa_de\x64\release\rsa.obj
c:\users\asus\documents\visual studio 2013\projects\rsa_de\rsa_de\x64\release\main.obj
c:\users\asus\documents\visual studio 2013\projects\rsa_de\rsa_de\x64\release\moc_rsa_de.obj
c:\users\asus\documents\visual studio 2013\projects\rsa_de\rsa_de\generatedfiles\qrc_rsa_de.cpp
c:\users\asus\documents\visual studio 2013\projects\rsa_de\rsa_de\generatedfiles\ui_rsa_de.h
c:\users\asus\documents\visual studio 2013\projects\rsa_de\rsa_de\generatedfiles\release\moc_rsa_de.cpp
c:\users\asus\documents\visual studio 2013\projects\rsa_de\x64\release\rsa_de.exe
c:\users\asus\documents\visual studio 2013\projects\rsa_de\rsa_de\x64\release\rsa_de.res
c:\users\asus\documents\visual studio 2013\projects\rsa_de\rsa_de\x64\release\rsa_de.tlog\cl.command.1.tlog
c:\users\asus\documents\visual studio 2013\projects\rsa_de\rsa_de\x64\release\rsa_de.tlog\cl.read.1.tlog
c:\users\asus\documents\visual studio 2013\projects\rsa_de\rsa_de\x64\release\rsa_de.tlog\cl.write.1.tlog
c:\users\asus\documents\visual studio 2013\projects\rsa_de\rsa_de\x64\release\rsa_de.tlog\custombuild.command.1.tlog
c:\users\asus\documents\visual studio 2013\projects\rsa_de\rsa_de\x64\release\rsa_de.tlog\custombuild.read.1.tlog
c:\users\asus\documents\visual studio 2013\projects\rsa_de\rsa_de\x64\release\rsa_de.tlog\custombuild.write.1.tlog
c:\users\asus\documents\visual studio 2013\projects\rsa_de\rsa_de\x64\release\rsa_de.tlog\link.command.1.tlog
c:\users\asus\documents\visual studio 2013\projects\rsa_de\rsa_de\x64\release\rsa_de.tlog\link.read.1.tlog
c:\users\asus\documents\visual studio 2013\projects\rsa_de\rsa_de\x64\release\rsa_de.tlog\link.write.1.tlog
c:\users\asus\documents\visual studio 2013\projects\rsa_de\rsa_de\x64\release\rsa_de.tlog\rc.command.1.tlog
c:\users\asus\documents\visual studio 2013\projects\rsa_de\rsa_de\x64\release\rsa_de.tlog\rc.read.1.tlog
c:\users\asus\documents\visual studio 2013\projects\rsa_de\rsa_de\x64\release\rsa_de.tlog\rc.write.1.tlog
